                                      1 ;--------------------------------------------------------
                                      2 ; File Created by SDCC : free open source ANSI-C Compiler
                                      3 ; Version 3.6.0 #9615 (MINGW64)
                                      4 ;--------------------------------------------------------
                                      5 	.module main
                                      6 	.optsdcc -mmcs51 --model-small
                                      7 	
                                      8 ;--------------------------------------------------------
                                      9 ; Public variables in this module
                                     10 ;--------------------------------------------------------
                                     11 	.globl _main
                                     12 	.globl _TF2
                                     13 	.globl _EXF2
                                     14 	.globl _RCLK
                                     15 	.globl _TCLK
                                     16 	.globl _EXEN2
                                     17 	.globl _TR2
                                     18 	.globl _C_T2
                                     19 	.globl _CP_RL2
                                     20 	.globl _T2CON_7
                                     21 	.globl _T2CON_6
                                     22 	.globl _T2CON_5
                                     23 	.globl _T2CON_4
                                     24 	.globl _T2CON_3
                                     25 	.globl _T2CON_2
                                     26 	.globl _T2CON_1
                                     27 	.globl _T2CON_0
                                     28 	.globl _PT2
                                     29 	.globl _ET2
                                     30 	.globl _CY
                                     31 	.globl _AC
                                     32 	.globl _F0
                                     33 	.globl _RS1
                                     34 	.globl _RS0
                                     35 	.globl _OV
                                     36 	.globl _F1
                                     37 	.globl _P
                                     38 	.globl _PS
                                     39 	.globl _PT1
                                     40 	.globl _PX1
                                     41 	.globl _PT0
                                     42 	.globl _PX0
                                     43 	.globl _RD
                                     44 	.globl _WR
                                     45 	.globl _T1
                                     46 	.globl _T0
                                     47 	.globl _INT1
                                     48 	.globl _INT0
                                     49 	.globl _TXD
                                     50 	.globl _RXD
                                     51 	.globl _P3_7
                                     52 	.globl _P3_6
                                     53 	.globl _P3_5
                                     54 	.globl _P3_4
                                     55 	.globl _P3_3
                                     56 	.globl _P3_2
                                     57 	.globl _P3_1
                                     58 	.globl _P3_0
                                     59 	.globl _EA
                                     60 	.globl _ES
                                     61 	.globl _ET1
                                     62 	.globl _EX1
                                     63 	.globl _ET0
                                     64 	.globl _EX0
                                     65 	.globl _P2_7
                                     66 	.globl _P2_6
                                     67 	.globl _P2_5
                                     68 	.globl _P2_4
                                     69 	.globl _P2_3
                                     70 	.globl _P2_2
                                     71 	.globl _P2_1
                                     72 	.globl _P2_0
                                     73 	.globl _SM0
                                     74 	.globl _SM1
                                     75 	.globl _SM2
                                     76 	.globl _REN
                                     77 	.globl _TB8
                                     78 	.globl _RB8
                                     79 	.globl _TI
                                     80 	.globl _RI
                                     81 	.globl _P1_7
                                     82 	.globl _P1_6
                                     83 	.globl _P1_5
                                     84 	.globl _P1_4
                                     85 	.globl _P1_3
                                     86 	.globl _P1_2
                                     87 	.globl _P1_1
                                     88 	.globl _P1_0
                                     89 	.globl _TF1
                                     90 	.globl _TR1
                                     91 	.globl _TF0
                                     92 	.globl _TR0
                                     93 	.globl _IE1
                                     94 	.globl _IT1
                                     95 	.globl _IE0
                                     96 	.globl _IT0
                                     97 	.globl _P0_7
                                     98 	.globl _P0_6
                                     99 	.globl _P0_5
                                    100 	.globl _P0_4
                                    101 	.globl _P0_3
                                    102 	.globl _P0_2
                                    103 	.globl _P0_1
                                    104 	.globl _P0_0
                                    105 	.globl _TH2
                                    106 	.globl _TL2
                                    107 	.globl _RCAP2H
                                    108 	.globl _RCAP2L
                                    109 	.globl _T2CON
                                    110 	.globl _B
                                    111 	.globl _ACC
                                    112 	.globl _PSW
                                    113 	.globl _IP
                                    114 	.globl _P3
                                    115 	.globl _IE
                                    116 	.globl _P2
                                    117 	.globl _SBUF
                                    118 	.globl _SCON
                                    119 	.globl _P1
                                    120 	.globl _TH1
                                    121 	.globl _TH0
                                    122 	.globl _TL1
                                    123 	.globl _TL0
                                    124 	.globl _TMOD
                                    125 	.globl _TCON
                                    126 	.globl _PCON
                                    127 	.globl _DPH
                                    128 	.globl _DPL
                                    129 	.globl _SP
                                    130 	.globl _P0
                                    131 ;--------------------------------------------------------
                                    132 ; special function registers
                                    133 ;--------------------------------------------------------
                                    134 	.area RSEG    (ABS,DATA)
      000000                        135 	.org 0x0000
                           000080   136 _P0	=	0x0080
                           000081   137 _SP	=	0x0081
                           000082   138 _DPL	=	0x0082
                           000083   139 _DPH	=	0x0083
                           000087   140 _PCON	=	0x0087
                           000088   141 _TCON	=	0x0088
                           000089   142 _TMOD	=	0x0089
                           00008A   143 _TL0	=	0x008a
                           00008B   144 _TL1	=	0x008b
                           00008C   145 _TH0	=	0x008c
                           00008D   146 _TH1	=	0x008d
                           000090   147 _P1	=	0x0090
                           000098   148 _SCON	=	0x0098
                           000099   149 _SBUF	=	0x0099
                           0000A0   150 _P2	=	0x00a0
                           0000A8   151 _IE	=	0x00a8
                           0000B0   152 _P3	=	0x00b0
                           0000B8   153 _IP	=	0x00b8
                           0000D0   154 _PSW	=	0x00d0
                           0000E0   155 _ACC	=	0x00e0
                           0000F0   156 _B	=	0x00f0
                           0000C8   157 _T2CON	=	0x00c8
                           0000CA   158 _RCAP2L	=	0x00ca
                           0000CB   159 _RCAP2H	=	0x00cb
                           0000CC   160 _TL2	=	0x00cc
                           0000CD   161 _TH2	=	0x00cd
                                    162 ;--------------------------------------------------------
                                    163 ; special function bits
                                    164 ;--------------------------------------------------------
                                    165 	.area RSEG    (ABS,DATA)
      000000                        166 	.org 0x0000
                           000080   167 _P0_0	=	0x0080
                           000081   168 _P0_1	=	0x0081
                           000082   169 _P0_2	=	0x0082
                           000083   170 _P0_3	=	0x0083
                           000084   171 _P0_4	=	0x0084
                           000085   172 _P0_5	=	0x0085
                           000086   173 _P0_6	=	0x0086
                           000087   174 _P0_7	=	0x0087
                           000088   175 _IT0	=	0x0088
                           000089   176 _IE0	=	0x0089
                           00008A   177 _IT1	=	0x008a
                           00008B   178 _IE1	=	0x008b
                           00008C   179 _TR0	=	0x008c
                           00008D   180 _TF0	=	0x008d
                           00008E   181 _TR1	=	0x008e
                           00008F   182 _TF1	=	0x008f
                           000090   183 _P1_0	=	0x0090
                           000091   184 _P1_1	=	0x0091
                           000092   185 _P1_2	=	0x0092
                           000093   186 _P1_3	=	0x0093
                           000094   187 _P1_4	=	0x0094
                           000095   188 _P1_5	=	0x0095
                           000096   189 _P1_6	=	0x0096
                           000097   190 _P1_7	=	0x0097
                           000098   191 _RI	=	0x0098
                           000099   192 _TI	=	0x0099
                           00009A   193 _RB8	=	0x009a
                           00009B   194 _TB8	=	0x009b
                           00009C   195 _REN	=	0x009c
                           00009D   196 _SM2	=	0x009d
                           00009E   197 _SM1	=	0x009e
                           00009F   198 _SM0	=	0x009f
                           0000A0   199 _P2_0	=	0x00a0
                           0000A1   200 _P2_1	=	0x00a1
                           0000A2   201 _P2_2	=	0x00a2
                           0000A3   202 _P2_3	=	0x00a3
                           0000A4   203 _P2_4	=	0x00a4
                           0000A5   204 _P2_5	=	0x00a5
                           0000A6   205 _P2_6	=	0x00a6
                           0000A7   206 _P2_7	=	0x00a7
                           0000A8   207 _EX0	=	0x00a8
                           0000A9   208 _ET0	=	0x00a9
                           0000AA   209 _EX1	=	0x00aa
                           0000AB   210 _ET1	=	0x00ab
                           0000AC   211 _ES	=	0x00ac
                           0000AF   212 _EA	=	0x00af
                           0000B0   213 _P3_0	=	0x00b0
                           0000B1   214 _P3_1	=	0x00b1
                           0000B2   215 _P3_2	=	0x00b2
                           0000B3   216 _P3_3	=	0x00b3
                           0000B4   217 _P3_4	=	0x00b4
                           0000B5   218 _P3_5	=	0x00b5
                           0000B6   219 _P3_6	=	0x00b6
                           0000B7   220 _P3_7	=	0x00b7
                           0000B0   221 _RXD	=	0x00b0
                           0000B1   222 _TXD	=	0x00b1
                           0000B2   223 _INT0	=	0x00b2
                           0000B3   224 _INT1	=	0x00b3
                           0000B4   225 _T0	=	0x00b4
                           0000B5   226 _T1	=	0x00b5
                           0000B6   227 _WR	=	0x00b6
                           0000B7   228 _RD	=	0x00b7
                           0000B8   229 _PX0	=	0x00b8
                           0000B9   230 _PT0	=	0x00b9
                           0000BA   231 _PX1	=	0x00ba
                           0000BB   232 _PT1	=	0x00bb
                           0000BC   233 _PS	=	0x00bc
                           0000D0   234 _P	=	0x00d0
                           0000D1   235 _F1	=	0x00d1
                           0000D2   236 _OV	=	0x00d2
                           0000D3   237 _RS0	=	0x00d3
                           0000D4   238 _RS1	=	0x00d4
                           0000D5   239 _F0	=	0x00d5
                           0000D6   240 _AC	=	0x00d6
                           0000D7   241 _CY	=	0x00d7
                           0000AD   242 _ET2	=	0x00ad
                           0000BD   243 _PT2	=	0x00bd
                           0000C8   244 _T2CON_0	=	0x00c8
                           0000C9   245 _T2CON_1	=	0x00c9
                           0000CA   246 _T2CON_2	=	0x00ca
                           0000CB   247 _T2CON_3	=	0x00cb
                           0000CC   248 _T2CON_4	=	0x00cc
                           0000CD   249 _T2CON_5	=	0x00cd
                           0000CE   250 _T2CON_6	=	0x00ce
                           0000CF   251 _T2CON_7	=	0x00cf
                           0000C8   252 _CP_RL2	=	0x00c8
                           0000C9   253 _C_T2	=	0x00c9
                           0000CA   254 _TR2	=	0x00ca
                           0000CB   255 _EXEN2	=	0x00cb
                           0000CC   256 _TCLK	=	0x00cc
                           0000CD   257 _RCLK	=	0x00cd
                           0000CE   258 _EXF2	=	0x00ce
                           0000CF   259 _TF2	=	0x00cf
                                    260 ;--------------------------------------------------------
                                    261 ; overlayable register banks
                                    262 ;--------------------------------------------------------
                                    263 	.area REG_BANK_0	(REL,OVR,DATA)
      000000                        264 	.ds 8
                                    265 ;--------------------------------------------------------
                                    266 ; internal ram data
                                    267 ;--------------------------------------------------------
                                    268 	.area DSEG    (DATA)
                                    269 ;--------------------------------------------------------
                                    270 ; overlayable items in internal ram 
                                    271 ;--------------------------------------------------------
                                    272 	.area	OSEG    (OVR,DATA)
      000000                        273 _main_i1_1_15:
      000000                        274 	.ds 2
      000002                        275 _main_i2_1_15:
      000002                        276 	.ds 2
      000004                        277 _main_start_var_1_15:
      000004                        278 	.ds 2
                                    279 ;--------------------------------------------------------
                                    280 ; Stack segment in internal ram 
                                    281 ;--------------------------------------------------------
                                    282 	.area	SSEG
      000000                        283 __start__stack:
      000000                        284 	.ds	1
                                    285 
                                    286 ;--------------------------------------------------------
                                    287 ; indirectly addressable internal ram data
                                    288 ;--------------------------------------------------------
                                    289 	.area ISEG    (DATA)
                                    290 ;--------------------------------------------------------
                                    291 ; absolute internal ram data
                                    292 ;--------------------------------------------------------
                                    293 	.area IABS    (ABS,DATA)
                                    294 	.area IABS    (ABS,DATA)
                                    295 ;--------------------------------------------------------
                                    296 ; bit data
                                    297 ;--------------------------------------------------------
                                    298 	.area BSEG    (BIT)
                                    299 ;--------------------------------------------------------
                                    300 ; paged external ram data
                                    301 ;--------------------------------------------------------
                                    302 	.area PSEG    (PAG,XDATA)
                                    303 ;--------------------------------------------------------
                                    304 ; external ram data
                                    305 ;--------------------------------------------------------
                                    306 	.area XSEG    (XDATA)
                                    307 ;--------------------------------------------------------
                                    308 ; absolute external ram data
                                    309 ;--------------------------------------------------------
                                    310 	.area XABS    (ABS,XDATA)
                                    311 ;--------------------------------------------------------
                                    312 ; external initialized ram data
                                    313 ;--------------------------------------------------------
                                    314 	.area XISEG   (XDATA)
                                    315 	.area HOME    (CODE)
                                    316 	.area GSINIT0 (CODE)
                                    317 	.area GSINIT1 (CODE)
                                    318 	.area GSINIT2 (CODE)
                                    319 	.area GSINIT3 (CODE)
                                    320 	.area GSINIT4 (CODE)
                                    321 	.area GSINIT5 (CODE)
                                    322 	.area GSINIT  (CODE)
                                    323 	.area GSFINAL (CODE)
                                    324 	.area CSEG    (CODE)
                                    325 ;--------------------------------------------------------
                                    326 ; interrupt vector 
                                    327 ;--------------------------------------------------------
                                    328 	.area HOME    (CODE)
      000000                        329 __interrupt_vect:
      000000 02r00r00         [24]  330 	ljmp	__sdcc_gsinit_startup
                                    331 ;--------------------------------------------------------
                                    332 ; global & static initialisations
                                    333 ;--------------------------------------------------------
                                    334 	.area HOME    (CODE)
                                    335 	.area GSINIT  (CODE)
                                    336 	.area GSFINAL (CODE)
                                    337 	.area GSINIT  (CODE)
                                    338 	.globl __sdcc_gsinit_startup
                                    339 	.globl __sdcc_program_startup
                                    340 	.globl __start__stack
                                    341 	.globl __mcs51_genXINIT
                                    342 	.globl __mcs51_genXRAMCLEAR
                                    343 	.globl __mcs51_genRAMCLEAR
                                    344 	.area GSFINAL (CODE)
      000000 02r00r03         [24]  345 	ljmp	__sdcc_program_startup
                                    346 ;--------------------------------------------------------
                                    347 ; Home
                                    348 ;--------------------------------------------------------
                                    349 	.area HOME    (CODE)
                                    350 	.area HOME    (CODE)
      000003                        351 __sdcc_program_startup:
      000003 02r00r00         [24]  352 	ljmp	_main
                                    353 ;	return from main will return to caller
                                    354 ;--------------------------------------------------------
                                    355 ; code
                                    356 ;--------------------------------------------------------
                                    357 	.area CSEG    (CODE)
                                    358 ;------------------------------------------------------------
                                    359 ;Allocation info for local variables in function 'main'
                                    360 ;------------------------------------------------------------
                                    361 ;i1                        Allocated with name '_main_i1_1_15'
                                    362 ;i2                        Allocated with name '_main_i2_1_15'
                                    363 ;start_var                 Allocated with name '_main_start_var_1_15'
                                    364 ;------------------------------------------------------------
                                    365 ;	../../sw/VGA_controller/src/main.c:7: void main(void)
                                    366 ;	-----------------------------------------
                                    367 ;	 function main
                                    368 ;	-----------------------------------------
      000000                        369 _main:
                           000007   370 	ar7 = 0x07
                           000006   371 	ar6 = 0x06
                           000005   372 	ar5 = 0x05
                           000004   373 	ar4 = 0x04
                           000003   374 	ar3 = 0x03
                           000002   375 	ar2 = 0x02
                           000001   376 	ar1 = 0x01
                           000000   377 	ar0 = 0x00
                                    378 ;	../../sw/VGA_controller/src/main.c:10: volatile unsigned int start_var = 0;
      000000 E4               [12]  379 	clr	a
      000001 F5*04            [12]  380 	mov	_main_start_var_1_15,a
      000003 F5*05            [12]  381 	mov	(_main_start_var_1_15 + 1),a
                                    382 ;	../../sw/VGA_controller/src/main.c:12: P0 = 0b00000000; // s_line_beg 7-0  
                                    383 ;	1-genFromRTrack replaced	mov	_P0,#0x00
      000005 F5 80            [12]  384 	mov	_P0,a
                                    385 ;	../../sw/VGA_controller/src/main.c:13: P1 = 0b00000000; // s_line_beg 9-8
                                    386 ;	1-genFromRTrack replaced	mov	_P1,#0x00
      000007 F5 90            [12]  387 	mov	_P1,a
                                    388 ;	../../sw/VGA_controller/src/main.c:14: P2 = 0b00000000; // s_pixel_beg 7-0 
                                    389 ;	1-genFromRTrack replaced	mov	_P2,#0x00
      000009 F5 A0            [12]  390 	mov	_P2,a
                                    391 ;	../../sw/VGA_controller/src/main.c:15: P3 = 0b00000000; // s_pixel_beg 9-8
                                    392 ;	1-genFromRTrack replaced	mov	_P3,#0x00
      00000B F5 B0            [12]  393 	mov	_P3,a
                                    394 ;	../../sw/VGA_controller/src/main.c:18: while(1)
      00000D                        395 00108$:
                                    396 ;	../../sw/VGA_controller/src/main.c:20: if(start_var == 0)
      00000D E5*04            [12]  397 	mov	a,_main_start_var_1_15
      00000F 45*05            [12]  398 	orl	a,(_main_start_var_1_15 + 1)
                                    399 ;	../../sw/VGA_controller/src/main.c:22: P0 = 0b11100000;
                                    400 ;	../../sw/VGA_controller/src/main.c:23: P1 = 0b00000000;
      000011 70 0B            [24]  401 	jnz	00102$
      000013 75 80 E0         [24]  402 	mov	_P0,#0xe0
      000016 F5 90            [12]  403 	mov	_P1,a
                                    404 ;	../../sw/VGA_controller/src/main.c:24: P2 = 0b10011101;
      000018 75 A0 9D         [24]  405 	mov	_P2,#0x9d
                                    406 ;	../../sw/VGA_controller/src/main.c:25: P3 = 0b00000001;
      00001B 75 B0 01         [24]  407 	mov	_P3,#0x01
      00001E                        408 00102$:
                                    409 ;	../../sw/VGA_controller/src/main.c:30: for(i1=0; i1<500; i1++)
      00001E E4               [12]  410 	clr	a
      00001F F5*00            [12]  411 	mov	_main_i1_1_15,a
      000021 F5*01            [12]  412 	mov	(_main_i1_1_15 + 1),a
      000023                        413 00114$:
      000023 C3               [12]  414 	clr	c
      000024 E5*00            [12]  415 	mov	a,_main_i1_1_15
      000026 94 F4            [12]  416 	subb	a,#0xf4
      000028 E5*01            [12]  417 	mov	a,(_main_i1_1_15 + 1)
      00002A 94 01            [12]  418 	subb	a,#0x01
      00002C 50 2A            [24]  419 	jnc	00104$
                                    420 ;	../../sw/VGA_controller/src/main.c:31: for(i2=0; i2<1000; i2++);
      00002E E4               [12]  421 	clr	a
      00002F F5*02            [12]  422 	mov	_main_i2_1_15,a
      000031 F5*03            [12]  423 	mov	(_main_i2_1_15 + 1),a
      000033                        424 00111$:
      000033 C3               [12]  425 	clr	c
      000034 E5*02            [12]  426 	mov	a,_main_i2_1_15
      000036 94 E8            [12]  427 	subb	a,#0xe8
      000038 E5*03            [12]  428 	mov	a,(_main_i2_1_15 + 1)
      00003A 94 03            [12]  429 	subb	a,#0x03
      00003C 50 0D            [24]  430 	jnc	00115$
      00003E 74 01            [12]  431 	mov	a,#0x01
      000040 25*02            [12]  432 	add	a,_main_i2_1_15
      000042 F5*02            [12]  433 	mov	_main_i2_1_15,a
      000044 E4               [12]  434 	clr	a
      000045 35*03            [12]  435 	addc	a,(_main_i2_1_15 + 1)
      000047 F5*03            [12]  436 	mov	(_main_i2_1_15 + 1),a
      000049 80 E8            [24]  437 	sjmp	00111$
      00004B                        438 00115$:
                                    439 ;	../../sw/VGA_controller/src/main.c:30: for(i1=0; i1<500; i1++)
      00004B 74 01            [12]  440 	mov	a,#0x01
      00004D 25*00            [12]  441 	add	a,_main_i1_1_15
      00004F F5*00            [12]  442 	mov	_main_i1_1_15,a
      000051 E4               [12]  443 	clr	a
      000052 35*01            [12]  444 	addc	a,(_main_i1_1_15 + 1)
      000054 F5*01            [12]  445 	mov	(_main_i1_1_15 + 1),a
      000056 80 CB            [24]  446 	sjmp	00114$
      000058                        447 00104$:
                                    448 ;	../../sw/VGA_controller/src/main.c:33: P0 = 0b11100000;
      000058 75 80 E0         [24]  449 	mov	_P0,#0xe0
                                    450 ;	../../sw/VGA_controller/src/main.c:34: P1 = 0b00000000;
      00005B 75 90 00         [24]  451 	mov	_P1,#0x00
                                    452 ;	../../sw/VGA_controller/src/main.c:35: P2 = 0b10011101;
      00005E 75 A0 9D         [24]  453 	mov	_P2,#0x9d
                                    454 ;	../../sw/VGA_controller/src/main.c:36: P3 = 0b00000001;
      000061 75 B0 01         [24]  455 	mov	_P3,#0x01
                                    456 ;	../../sw/VGA_controller/src/main.c:39: for(i1=0; i1<500; i1++)
      000064 E4               [12]  457 	clr	a
      000065 F5*00            [12]  458 	mov	_main_i1_1_15,a
      000067 F5*01            [12]  459 	mov	(_main_i1_1_15 + 1),a
      000069                        460 00120$:
      000069 C3               [12]  461 	clr	c
      00006A E5*00            [12]  462 	mov	a,_main_i1_1_15
      00006C 94 F4            [12]  463 	subb	a,#0xf4
      00006E E5*01            [12]  464 	mov	a,(_main_i1_1_15 + 1)
      000070 94 01            [12]  465 	subb	a,#0x01
      000072 50 2A            [24]  466 	jnc	00106$
                                    467 ;	../../sw/VGA_controller/src/main.c:40: for(i2=0; i2<1000; i2++);
      000074 E4               [12]  468 	clr	a
      000075 F5*02            [12]  469 	mov	_main_i2_1_15,a
      000077 F5*03            [12]  470 	mov	(_main_i2_1_15 + 1),a
      000079                        471 00117$:
      000079 C3               [12]  472 	clr	c
      00007A E5*02            [12]  473 	mov	a,_main_i2_1_15
      00007C 94 E8            [12]  474 	subb	a,#0xe8
      00007E E5*03            [12]  475 	mov	a,(_main_i2_1_15 + 1)
      000080 94 03            [12]  476 	subb	a,#0x03
      000082 50 0D            [24]  477 	jnc	00121$
      000084 74 01            [12]  478 	mov	a,#0x01
      000086 25*02            [12]  479 	add	a,_main_i2_1_15
      000088 F5*02            [12]  480 	mov	_main_i2_1_15,a
      00008A E4               [12]  481 	clr	a
      00008B 35*03            [12]  482 	addc	a,(_main_i2_1_15 + 1)
      00008D F5*03            [12]  483 	mov	(_main_i2_1_15 + 1),a
      00008F 80 E8            [24]  484 	sjmp	00117$
      000091                        485 00121$:
                                    486 ;	../../sw/VGA_controller/src/main.c:39: for(i1=0; i1<500; i1++)
      000091 74 01            [12]  487 	mov	a,#0x01
      000093 25*00            [12]  488 	add	a,_main_i1_1_15
      000095 F5*00            [12]  489 	mov	_main_i1_1_15,a
      000097 E4               [12]  490 	clr	a
      000098 35*01            [12]  491 	addc	a,(_main_i1_1_15 + 1)
      00009A F5*01            [12]  492 	mov	(_main_i1_1_15 + 1),a
      00009C 80 CB            [24]  493 	sjmp	00120$
      00009E                        494 00106$:
                                    495 ;	../../sw/VGA_controller/src/main.c:42: P0 = 0b11111110;
      00009E 75 80 FE         [24]  496 	mov	_P0,#0xfe
                                    497 ;	../../sw/VGA_controller/src/main.c:43: P1 = 0b00000000;
      0000A1 75 90 00         [24]  498 	mov	_P1,#0x00
                                    499 ;	../../sw/VGA_controller/src/main.c:44: P2 = 0b10111011;
      0000A4 75 A0 BB         [24]  500 	mov	_P2,#0xbb
                                    501 ;	../../sw/VGA_controller/src/main.c:45: P3 = 0b00000001;
      0000A7 75 B0 01         [24]  502 	mov	_P3,#0x01
                                    503 ;	../../sw/VGA_controller/src/main.c:47: start_var = 1;
      0000AA 75*04 01         [24]  504 	mov	_main_start_var_1_15,#0x01
      0000AD 75*05 00         [24]  505 	mov	(_main_start_var_1_15 + 1),#0x00
      0000B0 02r00r0D         [24]  506 	ljmp	00108$
                                    507 	.area CSEG    (CODE)
                                    508 	.area CONST   (CODE)
                                    509 	.area XINIT   (CODE)
                                    510 	.area CABS    (ABS,CODE)
