#-----------------------------------------------------------
# Vivado v2016.1 (64-bit)
# SW Build 1538259 on Fri Apr  8 15:45:27 MDT 2016
# IP Build 1537824 on Fri Apr  8 04:28:57 MDT 2016
# Start of session at: Thu Jan 19 17:18:15 2023
# Process ID: 17080
# Current directory: C:/Users/sarah/OneDrive/Dokumente/FH/5. Sem/CHIP/Froeler_Project/impl/VGA_controller_project
# Command line: vivado.exe -gui_launcher_event rodinguilauncherevent9084 C:\Users\sarah\OneDrive\Dokumente\FH\5. Sem\CHIP\Froeler_Project\impl\VGA_controller_project\VGA_controller_project.xpr
# Log file: C:/Users/sarah/OneDrive/Dokumente/FH/5. Sem/CHIP/Froeler_Project/impl/VGA_controller_project/vivado.log
# Journal file: C:/Users/sarah/OneDrive/Dokumente/FH/5. Sem/CHIP/Froeler_Project/impl/VGA_controller_project\vivado.jou
#-----------------------------------------------------------
start_gui
open_project {C:/Users/sarah/OneDrive/Dokumente/FH/5. Sem/CHIP/Froeler_Project/impl/VGA_controller_project/VGA_controller_project.xpr}
INFO: [ProjectBase 1-489] The host OS only allows 260 characters in a normal path. The project is stored in a path with more than 80 characters. If you experience issues with IP, Block Designs, or files not being found, please consider moving the project to a location with a shorter path. Alternately consider using the OS subst command to map part of the path to a drive letter.
Current project path is 'C:/Users/sarah/OneDrive/Dokumente/FH/5. Sem/CHIP/Froeler_Project/impl/VGA_controller_project'
Scanning sources...
Finished scanning sources
INFO: [IP_Flow 19-234] Refreshing IP repositories
INFO: [IP_Flow 19-1704] No user IP repositories specified
INFO: [IP_Flow 19-2313] Loaded Vivado IP repository 'C:/Xilinx/Vivado/2016.1/data/ip'.
open_project: Time (s): cpu = 00:00:22 ; elapsed = 00:00:07 . Memory (MB): peak = 834.012 ; gain = 129.930
update_compile_order -fileset sources_1
reset_run synth_1
launch_runs synth_1 -jobs 16
INFO: [HDL 9-1061] Parsing VHDL file "C:/Users/sarah/OneDrive/Dokumente/FH/5. Sem/CHIP/Froeler_Project/vhdl/VGA_ctrl_.vhd" into library xil_defaultlib [C:/Users/sarah/OneDrive/Dokumente/FH/5. Sem/CHIP/Froeler_Project/vhdl/VGA_ctrl_.vhd:1]
INFO: [HDL 9-1061] Parsing VHDL file "C:/Users/sarah/OneDrive/Dokumente/FH/5. Sem/CHIP/Froeler_Project/vhdl/VGA_ctrl_rtl.vhd" into library xil_defaultlib [C:/Users/sarah/OneDrive/Dokumente/FH/5. Sem/CHIP/Froeler_Project/vhdl/VGA_ctrl_rtl.vhd:1]
INFO: [HDL 9-1061] Parsing VHDL file "C:/Users/sarah/OneDrive/Dokumente/FH/5. Sem/CHIP/Froeler_Project/vhdl/VGA_ctrl_rtl_cfg.vhd" into library xil_defaultlib [C:/Users/sarah/OneDrive/Dokumente/FH/5. Sem/CHIP/Froeler_Project/vhdl/VGA_ctrl_rtl_cfg.vhd:1]
WARNING: [filemgmt 56-114] VHDL Configuration Declaration has been processed, but configuration support before elaboration is limited. You should consider changing the hierarchy update mode to one of the manual compiler order modes to pass all files to synthesis and simulation. [C:/Users/sarah/OneDrive/Dokumente/FH/5. Sem/CHIP/Froeler_Project/vhdl/VGA_ctrl_rtl_cfg.vhd:39]
INFO: [HDL 9-1061] Parsing VHDL file "C:/Users/sarah/OneDrive/Dokumente/FH/5. Sem/CHIP/Froeler_Project/vhdl/VGA_ctrl_top_.vhd" into library xil_defaultlib [C:/Users/sarah/OneDrive/Dokumente/FH/5. Sem/CHIP/Froeler_Project/vhdl/VGA_ctrl_top_.vhd:1]
INFO: [HDL 9-1061] Parsing VHDL file "C:/Users/sarah/OneDrive/Dokumente/FH/5. Sem/CHIP/Froeler_Project/vhdl/VGA_ctrl_top_struc.vhd" into library xil_defaultlib [C:/Users/sarah/OneDrive/Dokumente/FH/5. Sem/CHIP/Froeler_Project/vhdl/VGA_ctrl_top_struc.vhd:1]
INFO: [HDL 9-1061] Parsing VHDL file "C:/Users/sarah/OneDrive/Dokumente/FH/5. Sem/CHIP/Froeler_Project/vhdl/VGA_ctrl_top_struc_cfg.vhd" into library xil_defaultlib [C:/Users/sarah/OneDrive/Dokumente/FH/5. Sem/CHIP/Froeler_Project/vhdl/VGA_ctrl_top_struc_cfg.vhd:1]
WARNING: [filemgmt 56-114] VHDL Configuration Declaration has been processed, but configuration support before elaboration is limited. You should consider changing the hierarchy update mode to one of the manual compiler order modes to pass all files to synthesis and simulation. [C:/Users/sarah/OneDrive/Dokumente/FH/5. Sem/CHIP/Froeler_Project/vhdl/VGA_ctrl_top_struc_cfg.vhd:39]
INFO: [HDL 9-1061] Parsing VHDL file "C:/Users/sarah/OneDrive/Dokumente/FH/5. Sem/CHIP/Froeler_Project/vhdl/io_ctrl_.vhd" into library xil_defaultlib [C:/Users/sarah/OneDrive/Dokumente/FH/5. Sem/CHIP/Froeler_Project/vhdl/io_ctrl_.vhd:1]
INFO: [HDL 9-1061] Parsing VHDL file "C:/Users/sarah/OneDrive/Dokumente/FH/5. Sem/CHIP/Froeler_Project/vhdl/io_ctrl_rtl.vhd" into library xil_defaultlib [C:/Users/sarah/OneDrive/Dokumente/FH/5. Sem/CHIP/Froeler_Project/vhdl/io_ctrl_rtl.vhd:1]
INFO: [HDL 9-1061] Parsing VHDL file "C:/Users/sarah/OneDrive/Dokumente/FH/5. Sem/CHIP/Froeler_Project/vhdl/io_ctrl_rtl_cfg.vhd" into library xil_defaultlib [C:/Users/sarah/OneDrive/Dokumente/FH/5. Sem/CHIP/Froeler_Project/vhdl/io_ctrl_rtl_cfg.vhd:1]
WARNING: [filemgmt 56-114] VHDL Configuration Declaration has been processed, but configuration support before elaboration is limited. You should consider changing the hierarchy update mode to one of the manual compiler order modes to pass all files to synthesis and simulation. [C:/Users/sarah/OneDrive/Dokumente/FH/5. Sem/CHIP/Froeler_Project/vhdl/io_ctrl_rtl_cfg.vhd:39]
INFO: [HDL 9-1061] Parsing VHDL file "C:/Users/sarah/OneDrive/Dokumente/FH/5. Sem/CHIP/Froeler_Project/vhdl/mem_ctrl_1_.vhd" into library xil_defaultlib [C:/Users/sarah/OneDrive/Dokumente/FH/5. Sem/CHIP/Froeler_Project/vhdl/mem_ctrl_1_.vhd:1]
INFO: [HDL 9-1061] Parsing VHDL file "C:/Users/sarah/OneDrive/Dokumente/FH/5. Sem/CHIP/Froeler_Project/vhdl/mem_ctrl_1_rtl.vhd" into library xil_defaultlib [C:/Users/sarah/OneDrive/Dokumente/FH/5. Sem/CHIP/Froeler_Project/vhdl/mem_ctrl_1_rtl.vhd:1]
INFO: [HDL 9-1061] Parsing VHDL file "C:/Users/sarah/OneDrive/Dokumente/FH/5. Sem/CHIP/Froeler_Project/vhdl/mem_ctrl_1_rtl_cfg.vhd" into library xil_defaultlib [C:/Users/sarah/OneDrive/Dokumente/FH/5. Sem/CHIP/Froeler_Project/vhdl/mem_ctrl_1_rtl_cfg.vhd:1]
WARNING: [filemgmt 56-114] VHDL Configuration Declaration has been processed, but configuration support before elaboration is limited. You should consider changing the hierarchy update mode to one of the manual compiler order modes to pass all files to synthesis and simulation. [C:/Users/sarah/OneDrive/Dokumente/FH/5. Sem/CHIP/Froeler_Project/vhdl/mem_ctrl_1_rtl_cfg.vhd:39]
INFO: [HDL 9-1061] Parsing VHDL file "C:/Users/sarah/OneDrive/Dokumente/FH/5. Sem/CHIP/Froeler_Project/vhdl/mem_ctrl_2_.vhd" into library xil_defaultlib [C:/Users/sarah/OneDrive/Dokumente/FH/5. Sem/CHIP/Froeler_Project/vhdl/mem_ctrl_2_.vhd:1]
INFO: [HDL 9-1061] Parsing VHDL file "C:/Users/sarah/OneDrive/Dokumente/FH/5. Sem/CHIP/Froeler_Project/vhdl/mem_ctrl_2_rtl.vhd" into library xil_defaultlib [C:/Users/sarah/OneDrive/Dokumente/FH/5. Sem/CHIP/Froeler_Project/vhdl/mem_ctrl_2_rtl.vhd:1]
INFO: [HDL 9-1061] Parsing VHDL file "C:/Users/sarah/OneDrive/Dokumente/FH/5. Sem/CHIP/Froeler_Project/vhdl/mem_ctrl_2_rtl_cfg.vhd" into library xil_defaultlib [C:/Users/sarah/OneDrive/Dokumente/FH/5. Sem/CHIP/Froeler_Project/vhdl/mem_ctrl_2_rtl_cfg.vhd:1]
WARNING: [filemgmt 56-114] VHDL Configuration Declaration has been processed, but configuration support before elaboration is limited. You should consider changing the hierarchy update mode to one of the manual compiler order modes to pass all files to synthesis and simulation. [C:/Users/sarah/OneDrive/Dokumente/FH/5. Sem/CHIP/Froeler_Project/vhdl/mem_ctrl_2_rtl_cfg.vhd:39]
INFO: [HDL 9-1061] Parsing VHDL file "C:/Users/sarah/OneDrive/Dokumente/FH/5. Sem/CHIP/Froeler_Project/vhdl/pattern_gen_1_.vhd" into library xil_defaultlib [C:/Users/sarah/OneDrive/Dokumente/FH/5. Sem/CHIP/Froeler_Project/vhdl/pattern_gen_1_.vhd:1]
INFO: [HDL 9-1061] Parsing VHDL file "C:/Users/sarah/OneDrive/Dokumente/FH/5. Sem/CHIP/Froeler_Project/vhdl/pattern_gen_1_rtl.vhd" into library xil_defaultlib [C:/Users/sarah/OneDrive/Dokumente/FH/5. Sem/CHIP/Froeler_Project/vhdl/pattern_gen_1_rtl.vhd:1]
INFO: [HDL 9-1061] Parsing VHDL file "C:/Users/sarah/OneDrive/Dokumente/FH/5. Sem/CHIP/Froeler_Project/vhdl/pattern_gen_1_rtl_cfg.vhd" into library xil_defaultlib [C:/Users/sarah/OneDrive/Dokumente/FH/5. Sem/CHIP/Froeler_Project/vhdl/pattern_gen_1_rtl_cfg.vhd:1]
WARNING: [filemgmt 56-114] VHDL Configuration Declaration has been processed, but configuration support before elaboration is limited. You should consider changing the hierarchy update mode to one of the manual compiler order modes to pass all files to synthesis and simulation. [C:/Users/sarah/OneDrive/Dokumente/FH/5. Sem/CHIP/Froeler_Project/vhdl/pattern_gen_1_rtl_cfg.vhd:39]
INFO: [HDL 9-1061] Parsing VHDL file "C:/Users/sarah/OneDrive/Dokumente/FH/5. Sem/CHIP/Froeler_Project/vhdl/pattern_gen_2_.vhd" into library xil_defaultlib [C:/Users/sarah/OneDrive/Dokumente/FH/5. Sem/CHIP/Froeler_Project/vhdl/pattern_gen_2_.vhd:1]
INFO: [HDL 9-1061] Parsing VHDL file "C:/Users/sarah/OneDrive/Dokumente/FH/5. Sem/CHIP/Froeler_Project/vhdl/pattern_gen_2_rtl.vhd" into library xil_defaultlib [C:/Users/sarah/OneDrive/Dokumente/FH/5. Sem/CHIP/Froeler_Project/vhdl/pattern_gen_2_rtl.vhd:1]
INFO: [HDL 9-1061] Parsing VHDL file "C:/Users/sarah/OneDrive/Dokumente/FH/5. Sem/CHIP/Froeler_Project/vhdl/pattern_gen_2_rtl_cfg.vhd" into library xil_defaultlib [C:/Users/sarah/OneDrive/Dokumente/FH/5. Sem/CHIP/Froeler_Project/vhdl/pattern_gen_2_rtl_cfg.vhd:1]
WARNING: [filemgmt 56-114] VHDL Configuration Declaration has been processed, but configuration support before elaboration is limited. You should consider changing the hierarchy update mode to one of the manual compiler order modes to pass all files to synthesis and simulation. [C:/Users/sarah/OneDrive/Dokumente/FH/5. Sem/CHIP/Froeler_Project/vhdl/pattern_gen_2_rtl_cfg.vhd:39]
INFO: [HDL 9-1061] Parsing VHDL file "C:/Users/sarah/OneDrive/Dokumente/FH/5. Sem/CHIP/Froeler_Project/vhdl/prescaler_.vhd" into library xil_defaultlib [C:/Users/sarah/OneDrive/Dokumente/FH/5. Sem/CHIP/Froeler_Project/vhdl/prescaler_.vhd:1]
INFO: [HDL 9-1061] Parsing VHDL file "C:/Users/sarah/OneDrive/Dokumente/FH/5. Sem/CHIP/Froeler_Project/vhdl/prescaler_rtl.vhd" into library xil_defaultlib [C:/Users/sarah/OneDrive/Dokumente/FH/5. Sem/CHIP/Froeler_Project/vhdl/prescaler_rtl.vhd:1]
INFO: [HDL 9-1061] Parsing VHDL file "C:/Users/sarah/OneDrive/Dokumente/FH/5. Sem/CHIP/Froeler_Project/vhdl/prescaler_rtl_cfg.vhd" into library xil_defaultlib [C:/Users/sarah/OneDrive/Dokumente/FH/5. Sem/CHIP/Froeler_Project/vhdl/prescaler_rtl_cfg.vhd:1]
WARNING: [filemgmt 56-114] VHDL Configuration Declaration has been processed, but configuration support before elaboration is limited. You should consider changing the hierarchy update mode to one of the manual compiler order modes to pass all files to synthesis and simulation. [C:/Users/sarah/OneDrive/Dokumente/FH/5. Sem/CHIP/Froeler_Project/vhdl/prescaler_rtl_cfg.vhd:39]
INFO: [HDL 9-1061] Parsing VHDL file "C:/Users/sarah/OneDrive/Dokumente/FH/5. Sem/CHIP/Froeler_Project/vhdl/source_multiplexer_.vhd" into library xil_defaultlib [C:/Users/sarah/OneDrive/Dokumente/FH/5. Sem/CHIP/Froeler_Project/vhdl/source_multiplexer_.vhd:1]
INFO: [HDL 9-1061] Parsing VHDL file "C:/Users/sarah/OneDrive/Dokumente/FH/5. Sem/CHIP/Froeler_Project/vhdl/source_multiplexer_rtl.vhd" into library xil_defaultlib [C:/Users/sarah/OneDrive/Dokumente/FH/5. Sem/CHIP/Froeler_Project/vhdl/source_multiplexer_rtl.vhd:1]
INFO: [HDL 9-1061] Parsing VHDL file "C:/Users/sarah/OneDrive/Dokumente/FH/5. Sem/CHIP/Froeler_Project/vhdl/source_multiplexer_rtl_cfg.vhd" into library xil_defaultlib [C:/Users/sarah/OneDrive/Dokumente/FH/5. Sem/CHIP/Froeler_Project/vhdl/source_multiplexer_rtl_cfg.vhd:1]
WARNING: [filemgmt 56-114] VHDL Configuration Declaration has been processed, but configuration support before elaboration is limited. You should consider changing the hierarchy update mode to one of the manual compiler order modes to pass all files to synthesis and simulation. [C:/Users/sarah/OneDrive/Dokumente/FH/5. Sem/CHIP/Froeler_Project/vhdl/source_multiplexer_rtl_cfg.vhd:39]
[Thu Jan 19 17:18:38 2023] Launched synth_1...
Run output will be captured here: C:/Users/sarah/OneDrive/Dokumente/FH/5. Sem/CHIP/Froeler_Project/impl/VGA_controller_project/VGA_controller_project.runs/synth_1/runme.log
launch_runs impl_1 -jobs 16
[Thu Jan 19 17:19:37 2023] Launched impl_1...
Run output will be captured here: C:/Users/sarah/OneDrive/Dokumente/FH/5. Sem/CHIP/Froeler_Project/impl/VGA_controller_project/VGA_controller_project.runs/impl_1/runme.log
launch_runs impl_1 -to_step write_bitstream -jobs 16
[Thu Jan 19 17:21:02 2023] Launched impl_1...
Run output will be captured here: C:/Users/sarah/OneDrive/Dokumente/FH/5. Sem/CHIP/Froeler_Project/impl/VGA_controller_project/VGA_controller_project.runs/impl_1/runme.log
open_run impl_1
INFO: [Netlist 29-17] Analyzing 60 Unisim elements for replacement
INFO: [Netlist 29-28] Unisim Transformation completed in 0 CPU seconds
INFO: [Project 1-479] Netlist was created with Vivado 2016.1
INFO: [Device 21-403] Loading part xc7a35tcpg236-1
INFO: [Project 1-570] Preparing netlist for logic optimization
Parsing XDC File [C:/Users/sarah/OneDrive/Dokumente/FH/5. Sem/CHIP/Froeler_Project/impl/VGA_controller_project/.Xil/Vivado-17080-DESKTOP-7DLC06A/dcp/VGA_ctrl_top_struc_cfg.xdc]
Finished Parsing XDC File [C:/Users/sarah/OneDrive/Dokumente/FH/5. Sem/CHIP/Froeler_Project/impl/VGA_controller_project/.Xil/Vivado-17080-DESKTOP-7DLC06A/dcp/VGA_ctrl_top_struc_cfg.xdc]
Reading XDEF placement.
Reading placer database...
Reading XDEF routing.
Read XDEF File: Time (s): cpu = 00:00:00 ; elapsed = 00:00:00.236 . Memory (MB): peak = 1047.734 ; gain = 0.047
Restored from archive | CPU: 0.000000 secs | Memory: 0.000000 MB |
Finished XDEF File Restore: Time (s): cpu = 00:00:00 ; elapsed = 00:00:00.236 . Memory (MB): peak = 1047.734 ; gain = 0.047
INFO: [Project 1-111] Unisim Transformation Summary:
No Unisim elements were transformed.

open_run: Time (s): cpu = 00:00:23 ; elapsed = 00:00:17 . Memory (MB): peak = 1205.230 ; gain = 355.781
ERROR: [Common 17-165] Too many positional options when parsing 'Sem/CHIP/Froeler_Project/impl/VGA_controller_project/VGA_controller_project.runs/impl_1/VGA_ctrl_top_struc_cfg_power_routed.rpx', please type 'open_report -help' for usage info.
open_hw
connect_hw_server
INFO: [Labtools 27-2285] Connecting to hw_server url TCP:localhost:3121
open_hw_target
INFO: [Labtoolstcl 44-466] Opening hw_target localhost:3121/xilinx_tcf/Digilent/210183736568A
set_property PROGRAM.FILE {C:/Users/sarah/OneDrive/Dokumente/FH/5. Sem/CHIP/Froeler_Project/impl/VGA_controller_project/VGA_controller_project.runs/impl_1/VGA_ctrl_top_struc_cfg.bit} [lindex [get_hw_devices] 0]
current_hw_device [lindex [get_hw_devices] 0]
refresh_hw_device -update_hw_probes false [lindex [get_hw_devices] 0]
INFO: [Labtools 27-1434] Device xc7a35t (JTAG device index = 0) is programmed with a design that has no supported debug core(s) in it.
WARNING: [Labtools 27-3123] The debug hub core was not detected at User Scan Chain 1 or 3.
Resolution: 
1. Make sure the clock connected to the debug hub (dbg_hub) core is a free running clock and is active OR
2. Manually launch hw_server with -e "set xsdb-user-bscan <C_USER_SCAN_CHAIN scan_chain_number>" to detect the debug hub at User Scan Chain of 2 or 4. To determine the user scan chain setting, open the implemented design and use: get_property C_USER_SCAN_CHAIN [get_debug_cores dbg_hub].
set_property PROBES.FILE {} [lindex [get_hw_devices] 0]
set_property PROGRAM.FILE {C:/Users/sarah/OneDrive/Dokumente/FH/5. Sem/CHIP/Froeler_Project/impl/VGA_controller_project/VGA_controller_project.runs/impl_1/VGA_ctrl_top_struc_cfg.bit} [lindex [get_hw_devices] 0]
program_hw_devices [lindex [get_hw_devices] 0]
INFO: [Labtools 27-3164] End of startup status: HIGH
refresh_hw_device [lindex [get_hw_devices] 0]
INFO: [Labtools 27-1434] Device xc7a35t (JTAG device index = 0) is programmed with a design that has no supported debug core(s) in it.
WARNING: [Labtools 27-3123] The debug hub core was not detected at User Scan Chain 1 or 3.
Resolution: 
1. Make sure the clock connected to the debug hub (dbg_hub) core is a free running clock and is active OR
2. Manually launch hw_server with -e "set xsdb-user-bscan <C_USER_SCAN_CHAIN scan_chain_number>" to detect the debug hub at User Scan Chain of 2 or 4. To determine the user scan chain setting, open the implemented design and use: get_property C_USER_SCAN_CHAIN [get_debug_cores dbg_hub].
reset_run synth_1
launch_runs synth_1 -jobs 16
INFO: [HDL 9-1061] Parsing VHDL file "C:/Users/sarah/OneDrive/Dokumente/FH/5. Sem/CHIP/Froeler_Project/vhdl/source_multiplexer_rtl.vhd" into library xil_defaultlib [C:/Users/sarah/OneDrive/Dokumente/FH/5. Sem/CHIP/Froeler_Project/vhdl/source_multiplexer_rtl.vhd:1]
CRITICAL WARNING: [HDL 9-806] Syntax error near "else". [C:/Users/sarah/OneDrive/Dokumente/FH/5. Sem/CHIP/Froeler_Project/vhdl/source_multiplexer_rtl.vhd:127]
[Thu Jan 19 17:25:49 2023] Launched synth_1...
Run output will be captured here: C:/Users/sarah/OneDrive/Dokumente/FH/5. Sem/CHIP/Froeler_Project/impl/VGA_controller_project/VGA_controller_project.runs/synth_1/runme.log
reset_run synth_1
launch_runs synth_1 -jobs 16
INFO: [HDL 9-1061] Parsing VHDL file "C:/Users/sarah/OneDrive/Dokumente/FH/5. Sem/CHIP/Froeler_Project/vhdl/source_multiplexer_rtl.vhd" into library xil_defaultlib [C:/Users/sarah/OneDrive/Dokumente/FH/5. Sem/CHIP/Froeler_Project/vhdl/source_multiplexer_rtl.vhd:1]
CRITICAL WARNING: [HDL 9-806] Syntax error near "else". [C:/Users/sarah/OneDrive/Dokumente/FH/5. Sem/CHIP/Froeler_Project/vhdl/source_multiplexer_rtl.vhd:138]
CRITICAL WARNING: [HDL 9-806] Syntax error near "case". [C:/Users/sarah/OneDrive/Dokumente/FH/5. Sem/CHIP/Froeler_Project/vhdl/source_multiplexer_rtl.vhd:192]
CRITICAL WARNING: [HDL 9-806] Syntax error near "process". [C:/Users/sarah/OneDrive/Dokumente/FH/5. Sem/CHIP/Froeler_Project/vhdl/source_multiplexer_rtl.vhd:194]
[Thu Jan 19 17:27:16 2023] Launched synth_1...
Run output will be captured here: C:/Users/sarah/OneDrive/Dokumente/FH/5. Sem/CHIP/Froeler_Project/impl/VGA_controller_project/VGA_controller_project.runs/synth_1/runme.log
launch_runs impl_1 -jobs 16
[Thu Jan 19 17:28:12 2023] Launched impl_1...
Run output will be captured here: C:/Users/sarah/OneDrive/Dokumente/FH/5. Sem/CHIP/Froeler_Project/impl/VGA_controller_project/VGA_controller_project.runs/impl_1/runme.log
refresh_hw_device [lindex [get_hw_devices] 0]
INFO: [Labtools 27-1434] Device xc7a35t (JTAG device index = 0) is programmed with a design that has no supported debug core(s) in it.
WARNING: [Labtools 27-3123] The debug hub core was not detected at User Scan Chain 1 or 3.
Resolution: 
1. Make sure the clock connected to the debug hub (dbg_hub) core is a free running clock and is active OR
2. Manually launch hw_server with -e "set xsdb-user-bscan <C_USER_SCAN_CHAIN scan_chain_number>" to detect the debug hub at User Scan Chain of 2 or 4. To determine the user scan chain setting, open the implemented design and use: get_property C_USER_SCAN_CHAIN [get_debug_cores dbg_hub].
close_hw
exit
INFO: [Common 17-206] Exiting Vivado at Thu Jan 19 17:29:47 2023...
