#-----------------------------------------------------------
# Vivado v2016.1 (64-bit)
# SW Build 1538259 on Fri Apr  8 15:45:27 MDT 2016
# IP Build 1537824 on Fri Apr  8 04:28:57 MDT 2016
# Start of session at: Sat Jan 21 15:58:05 2023
# Process ID: 12252
# Current directory: C:/Users/sarah/OneDrive/Dokumente/FH/5. Sem/CHIP/Froeler_Project/impl/VGA_controller_project
# Command line: vivado.exe -gui_launcher_event rodinguilauncherevent7232 C:\Users\sarah\OneDrive\Dokumente\FH\5. Sem\CHIP\Froeler_Project\impl\VGA_controller_project\VGA_controller_project.xpr
# Log file: C:/Users/sarah/OneDrive/Dokumente/FH/5. Sem/CHIP/Froeler_Project/impl/VGA_controller_project/vivado.log
# Journal file: C:/Users/sarah/OneDrive/Dokumente/FH/5. Sem/CHIP/Froeler_Project/impl/VGA_controller_project\vivado.jou
#-----------------------------------------------------------
start_gui
open_project {C:/Users/sarah/OneDrive/Dokumente/FH/5. Sem/CHIP/Froeler_Project/impl/VGA_controller_project/VGA_controller_project.xpr}
INFO: [ProjectBase 1-489] The host OS only allows 260 characters in a normal path. The project is stored in a path with more than 80 characters. If you experience issues with IP, Block Designs, or files not being found, please consider moving the project to a location with a shorter path. Alternately consider using the OS subst command to map part of the path to a drive letter.
Current project path is 'C:/Users/sarah/OneDrive/Dokumente/FH/5. Sem/CHIP/Froeler_Project/impl/VGA_controller_project'
Scanning sources...
Finished scanning sources
INFO: [IP_Flow 19-234] Refreshing IP repositories
INFO: [IP_Flow 19-1704] No user IP repositories specified
INFO: [IP_Flow 19-2313] Loaded Vivado IP repository 'C:/Xilinx/Vivado/2016.1/data/ip'.
ERROR: [Project 1-202] Error writing the XML file 'C:/Users/sarah/OneDrive/Dokumente/FH/5. Sem/CHIP/Froeler_Project/impl/VGA_controller_project/VGA_controller_project.xpr'
ERROR: [Common 17-69] Command failed: ERROR: [Project 1-202] Error writing the XML file 'C:/Users/sarah/OneDrive/Dokumente/FH/5. Sem/CHIP/Froeler_Project/impl/VGA_controller_project/VGA_controller_project.xpr'

update_compile_order -fileset sources_1
exit
INFO: [Common 17-206] Exiting Vivado at Sat Jan 21 15:59:03 2023...
